#
# A fatal error has been detected by the Java Runtime Environment:
#
#  EXCEPTION_ACCESS_VIOLATION (0xc0000005) at pc=0x00000000694d6ed8, pid=26556, tid=0x0000000000000280
#
# JRE version: Java(TM) SE Runtime Environment (8.0_171-b11) (build 1.8.0_171-b11)
# Java VM: Java HotSpot(TM) 64-Bit Server VM (25.171-b11 mixed mode windows-amd64 compressed oops)
# Problematic frame:
# V  [jvm.dll+0xf6ed8]
#
# Failed to write core dump. Minidumps are not enabled by default on client versions of Windows
#
# If you would like to submit a bug report, please visit:
#   http://bugreport.java.com/bugreport/crash.jsp
#

---------------  T H R E A D  ---------------

Current thread (0x0000000002e9e800):  VMThread [stack: 0x000000001f220000,0x000000001f320000] [id=640]

siginfo: ExceptionCode=0xc0000005, reading address 0x00000000249e01f0

Registers:
RAX=0x00000000001fffe0, RBX=0x000000000000ffff, RCX=0x00000000247ded60, RDX=0x00000000247e0200
RSP=0x000000001f31ecd0, RBP=0x000000001f31ee00, RSI=0x000000000000ffff, RDI=0x00000000247ded60
R8 =0x0000000002dcc3a0, R9 =0x0000000000000003, R10=0x0000000000000003, R11=0x00000000247dfaf2
R12=0x000000001f31ee90, R13=0x000000001f31ee80, R14=0x0000000000000000, R15=0x0000000000000010
RIP=0x00000000694d6ed8, EFLAGS=0x0000000000010202

Top of Stack: (sp=0x000000001f31ecd0)
0x000000001f31ecd0:   00000000000000b6 000000001f31ee00
0x000000001f31ece0:   00000000000000b6 00000000695fe112
0x000000001f31ecf0:   000000000000000d 00000000695b5050
0x000000001f31ed00:   00000000000000b6 00000000000000b6
0x000000001f31ed10:   00000000000000c7 0000000000000012
0x000000001f31ed20:   0000000002da7260 0000000021d05be0
0x000000001f31ed30:   000000000364a1a0 0000000003649e8c
0x000000001f31ed40:   0000000000000000 00000000696df42e
0x000000001f31ed50:   000000000364a19f 000000000000000a
0x000000001f31ed60:   0000000003452a10 00007ffe07010001
0x000000001f31ed70:   0000000021d08130 0000000069470fb0
0x000000001f31ed80:   0000f4f7f4f0a225 00000000696df42e
0x000000001f31ed90:   0000f4f7f4f0a315 0000000021d08130
0x000000001f31eda0:   0000000002ee63e0 0000000069473c45
0x000000001f31edb0:   000000000364a195 0000000022ac6998
0x000000001f31edc0:   0000000002e9e800 00000000247dfe68 

Instructions: (pc=0x00000000694d6ed8)
0x00000000694d6eb8:   00 ba d9 01 00 00 e8 6d f3 17 00 e8 98 ff 19 00
0x00000000694d6ec8:   48 8b 57 10 48 85 d2 74 0f 48 8b c3 48 c1 e0 05
0x00000000694d6ed8:   48 8b 44 10 10 0f b7 d8 48 63 c3 0f b7 44 c7 50
0x00000000694d6ee8:   48 8b 44 c7 50 48 89 44 24 30 f6 d0 48 8b 4c 24 


Register to memory mapping:

RAX=0x00000000001fffe0 is an unknown value
RBX=0x000000000000ffff is an unknown value
RCX=0x00000000247ded60 is pointing into metadata
RDX=0x00000000247e0200 is pointing into metadata
RSP=0x000000001f31ecd0 is an unknown value
RBP=0x000000001f31ee00 is an unknown value
RSI=0x000000000000ffff is an unknown value
RDI=0x00000000247ded60 is pointing into metadata
R8 =0x0000000002dcc3a0 is an unknown value
R9 =0x0000000000000003 is an unknown value
R10=0x0000000000000003 is an unknown value
R11=0x00000000247dfaf2 is pointing into metadata
R12=0x000000001f31ee90 is an unknown value
R13=0x000000001f31ee80 is an unknown value
R14=0x0000000000000000 is an unknown value
R15=0x0000000000000010 is an unknown value


Stack: [0x000000001f220000,0x000000001f320000],  sp=0x000000001f31ecd0,  free space=1019k
Native frames: (J=compiled Java code, j=interpreted, Vv=VM code, C=native code)
V  [jvm.dll+0xf6ed8]
V  [jvm.dll+0x1d5050]
V  [jvm.dll+0x1d5fa2]
V  [jvm.dll+0x1c3726]
V  [jvm.dll+0x1c8af9]
V  [jvm.dll+0x1c906b]
V  [jvm.dll+0x24c9b7]
V  [jvm.dll+0x24bc56]
V  [jvm.dll+0x24c0f1]
V  [jvm.dll+0x24c30e]
V  [jvm.dll+0x29d40a]
C  [msvcr100.dll+0x21d9f]
C  [msvcr100.dll+0x21e3b]
C  [KERNEL32.DLL+0x13034]
C  [ntdll.dll+0x71551]

VM_Operation (0x000000001fc4f480): RedefineClasses, mode: safepoint, requested by thread 0x000000001e1c1000, redefining class com.worldcup.application.AdminPagesController



---------------  P R O C E S S  ---------------

Java Threads: ( => current thread )
  0x00000000224eb800 JavaThread "DestroyJavaVM" [_thread_blocked, id=31408, stack(0x0000000002c90000,0x0000000002d90000)]
  0x00000000224e9800 JavaThread "http-nio-8095-AsyncTimeout" daemon [_thread_blocked, id=32352, stack(0x0000000024680000,0x0000000024780000)]
  0x00000000224e8000 JavaThread "http-nio-8095-Acceptor-0" daemon [_thread_in_native, id=21796, stack(0x0000000024580000,0x0000000024680000)]
  0x00000000224eb000 JavaThread "http-nio-8095-ClientPoller-1" daemon [_thread_in_native, id=26032, stack(0x0000000024480000,0x0000000024580000)]
  0x00000000224e7000 JavaThread "http-nio-8095-ClientPoller-0" daemon [_thread_in_native, id=17280, stack(0x0000000024380000,0x0000000024480000)]
  0x00000000224e6800 JavaThread "http-nio-8095-exec-10" daemon [_thread_blocked, id=11424, stack(0x0000000024280000,0x0000000024380000)]
  0x00000000224e8800 JavaThread "http-nio-8095-exec-9" daemon [_thread_blocked, id=15248, stack(0x0000000024180000,0x0000000024280000)]
  0x000000001e1e6800 JavaThread "http-nio-8095-exec-8" daemon [_thread_blocked, id=32272, stack(0x0000000024080000,0x0000000024180000)]
  0x000000001e1e5800 JavaThread "http-nio-8095-exec-7" daemon [_thread_blocked, id=31016, stack(0x0000000023f80000,0x0000000024080000)]
  0x000000001e1e8000 JavaThread "http-nio-8095-exec-6" daemon [_thread_blocked, id=26244, stack(0x0000000023e80000,0x0000000023f80000)]
  0x000000001e1e5000 JavaThread "http-nio-8095-exec-5" daemon [_thread_blocked, id=13740, stack(0x0000000023d80000,0x0000000023e80000)]
  0x000000001e1eb800 JavaThread "http-nio-8095-exec-4" daemon [_thread_blocked, id=29652, stack(0x0000000023c80000,0x0000000023d80000)]
  0x000000001e1eb000 JavaThread "http-nio-8095-exec-3" daemon [_thread_blocked, id=7512, stack(0x0000000023b80000,0x0000000023c80000)]
  0x00000000224dd000 JavaThread "http-nio-8095-exec-2" daemon [_thread_blocked, id=29060, stack(0x0000000023a80000,0x0000000023b80000)]
  0x00000000224dc000 JavaThread "http-nio-8095-exec-1" daemon [_thread_blocked, id=1604, stack(0x0000000023980000,0x0000000023a80000)]
  0x00000000224d3000 JavaThread "NioBlockingSelector.BlockPoller-1" daemon [_thread_in_native, id=21672, stack(0x0000000023660000,0x0000000023760000)]
  0x00000000222b7000 JavaThread "container-0" [_thread_blocked, id=8644, stack(0x0000000023360000,0x0000000023460000)]
  0x00000000222b6800 JavaThread "ContainerBackgroundProcessor[StandardEngine[Tomcat]]" daemon [_thread_blocked, id=27156, stack(0x0000000023260000,0x0000000023360000)]
  0x000000002060a800 JavaThread "RMI TCP Accept-0" daemon [_thread_in_native, id=27128, stack(0x0000000020d50000,0x0000000020e50000)]
  0x0000000020602000 JavaThread "RMI TCP Accept-62754" daemon [_thread_in_native, id=28768, stack(0x0000000020c50000,0x0000000020d50000)]
  0x00000000205f2000 JavaThread "RMI TCP Accept-0" daemon [_thread_in_native, id=11748, stack(0x0000000020b50000,0x0000000020c50000)]
  0x000000001e1e4000 JavaThread "Service Thread" daemon [_thread_blocked, id=10892, stack(0x0000000020250000,0x0000000020350000)]
  0x000000001e1e7000 JavaThread "C1 CompilerThread3" daemon [_thread_blocked, id=31112, stack(0x0000000020150000,0x0000000020250000)]
  0x000000001e1e9800 JavaThread "C2 CompilerThread2" daemon [_thread_blocked, id=7592, stack(0x0000000020050000,0x0000000020150000)]
  0x000000001e1f2800 JavaThread "C2 CompilerThread1" daemon [_thread_blocked, id=19208, stack(0x000000001ff50000,0x0000000020050000)]
  0x000000001e1e1000 JavaThread "C2 CompilerThread0" daemon [_thread_blocked, id=12436, stack(0x000000001fe50000,0x000000001ff50000)]
  0x000000001e1d6000 JavaThread "JDWP Command Reader" daemon [_thread_in_native, id=27832, stack(0x000000001fd50000,0x000000001fe50000)]
  0x000000001e1d0000 JavaThread "JDWP Event Helper Thread" daemon [_thread_blocked, id=15576, stack(0x000000001fc50000,0x000000001fd50000)]
  0x000000001e1c1000 JavaThread "JDWP Transport Listener: dt_socket" daemon [_thread_blocked, id=25220, stack(0x000000001fb50000,0x000000001fc50000)]
  0x000000001e1b5800 JavaThread "Attach Listener" daemon [_thread_blocked, id=28160, stack(0x000000001f710000,0x000000001f810000)]
  0x000000001e1b4800 JavaThread "Signal Dispatcher" daemon [_thread_blocked, id=284, stack(0x000000001f610000,0x000000001f710000)]
  0x000000001e1a3800 JavaThread "Finalizer" daemon [_thread_blocked, id=26892, stack(0x000000001f420000,0x000000001f520000)]
  0x000000001cae0000 JavaThread "Reference Handler" daemon [_thread_blocked, id=13064, stack(0x000000001f320000,0x000000001f420000)]

Other Threads:
=>0x0000000002e9e800 VMThread [stack: 0x000000001f220000,0x000000001f320000] [id=640]
  0x000000002060b800 WatcherThread [stack: 0x0000000020e50000,0x0000000020f50000] [id=29092]

VM state:at safepoint (normal execution)

VM Mutex/Monitor currently owned by a thread:  ([mutex/lock_event])
[0x0000000002da7660] Threads_lock - owner thread: 0x0000000002e9e800

Heap:
 PSYoungGen      total 141312K, used 22009K [0x000000076b300000, 0x000000077a800000, 0x00000007c0000000)
  eden space 130560K, 8% used [0x000000076b300000,0x000000076bdfea18,0x0000000773280000)
  from space 10752K, 99% used [0x0000000773280000,0x0000000773cffc40,0x0000000773d00000)
  to   space 15360K, 0% used [0x0000000779900000,0x0000000779900000,0x000000077a800000)
 ParOldGen       total 82432K, used 11475K [0x00000006c1800000, 0x00000006c6880000, 0x000000076b300000)
  object space 82432K, 13% used [0x00000006c1800000,0x00000006c2334fe0,0x00000006c6880000)
 Metaspace       used 30506K, capacity 30874K, committed 31104K, reserved 1077248K
  class space    used 3826K, capacity 3956K, committed 3968K, reserved 1048576K

Card table byte_map: [0x0000000012260000,0x0000000012a60000] byte_map_base: 0x000000000ec54000

Marking Bits: (ParMarkBitMap*) 0x0000000069c008c0
 Begin Bits: [0x00000000139b0000, 0x0000000017950000)
 End Bits:   [0x0000000017950000, 0x000000001b8f0000)

Polling page: 0x00000000009e0000

CodeCache: size=245760Kb used=7851Kb max_used=7851Kb free=237908Kb
 bounds [0x0000000002ea0000, 0x0000000003650000, 0x0000000011ea0000]
 total_blobs=3606 nmethods=2960 adapters=565
 compilation: enabled

Compilation events (10 events):
Event: 4.384 Thread 0x000000001e1e7000 2958       1       org.springframework.util.MimeType::checkToken (74 bytes)
Event: 4.384 Thread 0x000000001e1e7000 nmethod 2958 0x0000000003648990 code [0x0000000003648ba0, 0x00000000036492d8]
Event: 4.384 Thread 0x000000001e1e7000 2957       1       org.springframework.util.CollectionUtils::isEmpty (19 bytes)
Event: 4.384 Thread 0x000000001e1e7000 nmethod 2957 0x0000000003649a50 code [0x0000000003649ba0, 0x0000000003649ce8]
Event: 4.385 Thread 0x000000001e1e7000 2959   !   1       org.springframework.core.annotation.AnnotationUtils::findAnnotation (135 bytes)
Event: 4.386 Thread 0x000000001e1e7000 nmethod 2959 0x0000000003649d50 code [0x0000000003649f20, 0x000000000364a3e8]
Event: 4.386 Thread 0x000000001e1e7000 2960       1       java.lang.reflect.Proxy$Key2::hashCode (5 bytes)
Event: 4.386 Thread 0x000000001e1e7000 nmethod 2960 0x000000000364a910 code [0x000000000364aa60, 0x000000000364ab70]
Event: 16.319 Thread 0x000000001e1e7000 2961       1       org.apache.tomcat.util.net.NioEndpoint$NioSocketWrapper::interestOps (5 bytes)
Event: 16.319 Thread 0x000000001e1e7000 nmethod 2961 0x000000000364abd0 code [0x000000000364ad20, 0x000000000364ae30]

GC Heap History (10 events):
Event: 1.233 GC heap before
{Heap before GC invocations=2 (full 0):
 PSYoungGen      total 76288K, used 76274K [0x000000076b300000, 0x0000000770800000, 0x00000007c0000000)
  eden space 65536K, 100% used [0x000000076b300000,0x000000076f300000,0x000000076f300000)
  from space 10752K, 99% used [0x000000076f300000,0x000000076fd7c8b0,0x000000076fd80000)
  to   space 10752K, 0% used [0x000000076fd80000,0x000000076fd80000,0x0000000770800000)
 ParOldGen       total 175104K, used 448K [0x00000006c1800000, 0x00000006cc300000, 0x000000076b300000)
  object space 175104K, 0% used [0x00000006c1800000,0x00000006c1870230,0x00000006cc300000)
 Metaspace       used 20801K, capacity 21082K, committed 21248K, reserved 1067008K
  class space    used 2625K, capacity 2708K, committed 2816K, reserved 1048576K
Event: 1.241 GC heap after
Heap after GC invocations=2 (full 0):
 PSYoungGen      total 76288K, used 10747K [0x000000076b300000, 0x0000000774800000, 0x00000007c0000000)
  eden space 65536K, 0% used [0x000000076b300000,0x000000076b300000,0x000000076f300000)
  from space 10752K, 99% used [0x000000076fd80000,0x00000007707fec60,0x0000000770800000)
  to   space 10752K, 0% used [0x000000076f300000,0x000000076f300000,0x000000076fd80000)
 ParOldGen       total 175104K, used 1365K [0x00000006c1800000, 0x00000006cc300000, 0x000000076b300000)
  object space 175104K, 0% used [0x00000006c1800000,0x00000006c1955558,0x00000006cc300000)
 Metaspace       used 20801K, capacity 21082K, committed 21248K, reserved 1067008K
  class space    used 2625K, capacity 2708K, committed 2816K, reserved 1048576K
}
Event: 1.246 GC heap before
{Heap before GC invocations=3 (full 0):
 PSYoungGen      total 76288K, used 12291K [0x000000076b300000, 0x0000000774800000, 0x00000007c0000000)
  eden space 65536K, 2% used [0x000000076b300000,0x000000076b4820f8,0x000000076f300000)
  from space 10752K, 99% used [0x000000076fd80000,0x00000007707fec60,0x0000000770800000)
  to   space 10752K, 0% used [0x000000076f300000,0x000000076f300000,0x000000076fd80000)
 ParOldGen       total 175104K, used 1365K [0x00000006c1800000, 0x00000006cc300000, 0x000000076b300000)
  object space 175104K, 0% used [0x00000006c1800000,0x00000006c1955558,0x00000006cc300000)
 Metaspace       used 20825K, capacity 21088K, committed 21248K, reserved 1067008K
  class space    used 2627K, capacity 2709K, committed 2816K, reserved 1048576K
Event: 1.250 GC heap after
Heap after GC invocations=3 (full 0):
 PSYoungGen      total 76288K, used 7344K [0x000000076b300000, 0x0000000774800000, 0x00000007c0000000)
  eden space 65536K, 0% used [0x000000076b300000,0x000000076b300000,0x000000076f300000)
  from space 10752K, 68% used [0x000000076f300000,0x000000076fa2c030,0x000000076fd80000)
  to   space 10752K, 0% used [0x0000000773d80000,0x0000000773d80000,0x0000000774800000)
 ParOldGen       total 175104K, used 1373K [0x00000006c1800000, 0x00000006cc300000, 0x000000076b300000)
  object space 175104K, 0% used [0x00000006c1800000,0x00000006c1957558,0x00000006cc300000)
 Metaspace       used 20825K, capacity 21088K, committed 21248K, reserved 1067008K
  class space    used 2627K, capacity 2709K, committed 2816K, reserved 1048576K
}
Event: 1.250 GC heap before
{Heap before GC invocations=4 (full 1):
 PSYoungGen      total 76288K, used 7344K [0x000000076b300000, 0x0000000774800000, 0x00000007c0000000)
  eden space 65536K, 0% used [0x000000076b300000,0x000000076b300000,0x000000076f300000)
  from space 10752K, 68% used [0x000000076f300000,0x000000076fa2c030,0x000000076fd80000)
  to   space 10752K, 0% used [0x0000000773d80000,0x0000000773d80000,0x0000000774800000)
 ParOldGen       total 175104K, used 1373K [0x00000006c1800000, 0x00000006cc300000, 0x000000076b300000)
  object space 175104K, 0% used [0x00000006c1800000,0x00000006c1957558,0x00000006cc300000)
 Metaspace       used 20825K, capacity 21088K, committed 21248K, reserved 1067008K
  class space    used 2627K, capacity 2709K, committed 2816K, reserved 1048576K
Event: 1.274 GC heap after
Heap after GC invocations=4 (full 1):
 PSYoungGen      total 76288K, used 0K [0x000000076b300000, 0x0000000774800000, 0x00000007c0000000)
  eden space 65536K, 0% used [0x000000076b300000,0x000000076b300000,0x000000076f300000)
  from space 10752K, 0% used [0x000000076f300000,0x000000076f300000,0x000000076fd80000)
  to   space 10752K, 0% used [0x0000000773d80000,0x0000000773d80000,0x0000000774800000)
 ParOldGen       total 82432K, used 7206K [0x00000006c1800000, 0x00000006c6880000, 0x000000076b300000)
  object space 82432K, 8% used [0x00000006c1800000,0x00000006c1f09820,0x00000006c6880000)
 Metaspace       used 20825K, capacity 21088K, committed 21248K, reserved 1067008K
  class space    used 2627K, capacity 2709K, committed 2816K, reserved 1048576K
}
Event: 1.730 GC heap before
{Heap before GC invocations=5 (full 1):
 PSYoungGen      total 76288K, used 65536K [0x000000076b300000, 0x0000000774800000, 0x00000007c0000000)
  eden space 65536K, 100% used [0x000000076b300000,0x000000076f300000,0x000000076f300000)
  from space 10752K, 0% used [0x000000076f300000,0x000000076f300000,0x000000076fd80000)
  to   space 10752K, 0% used [0x0000000773d80000,0x0000000773d80000,0x0000000774800000)
 ParOldGen       total 82432K, used 7206K [0x00000006c1800000, 0x00000006c6880000, 0x000000076b300000)
  object space 82432K, 8% used [0x00000006c1800000,0x00000006c1f09820,0x00000006c6880000)
 Metaspace       used 25136K, capacity 25426K, committed 25600K, reserved 1071104K
  class space    used 3181K, capacity 3256K, committed 3328K, reserved 1048576K
Event: 1.735 GC heap after
Heap after GC invocations=5 (full 1):
 PSYoungGen      total 131584K, used 10163K [0x000000076b300000, 0x0000000774780000, 0x00000007c0000000)
  eden space 121344K, 0% used [0x000000076b300000,0x000000076b300000,0x0000000772980000)
  from space 10240K, 99% used [0x0000000773d80000,0x000000077476cca8,0x0000000774780000)
  to   space 10752K, 0% used [0x0000000773280000,0x0000000773280000,0x0000000773d00000)
 ParOldGen       total 82432K, used 7214K [0x00000006c1800000, 0x00000006c6880000, 0x000000076b300000)
  object space 82432K, 8% used [0x00000006c1800000,0x00000006c1f0b820,0x00000006c6880000)
 Metaspace       used 25136K, capacity 25426K, committed 25600K, reserved 1071104K
  class space    used 3181K, capacity 3256K, committed 3328K, reserved 1048576K
}
Event: 3.558 GC heap before
{Heap before GC invocations=6 (full 1):
 PSYoungGen      total 131584K, used 131507K [0x000000076b300000, 0x0000000774780000, 0x00000007c0000000)
  eden space 121344K, 100% used [0x000000076b300000,0x0000000772980000,0x0000000772980000)
  from space 10240K, 99% used [0x0000000773d80000,0x000000077476cca8,0x0000000774780000)
  to   space 10752K, 0% used [0x0000000773280000,0x0000000773280000,0x0000000773d00000)
 ParOldGen       total 82432K, used 7214K [0x00000006c1800000, 0x00000006c6880000, 0x000000076b300000)
  object space 82432K, 8% used [0x00000006c1800000,0x00000006c1f0b820,0x00000006c6880000)
 Metaspace       used 29499K, capacity 29844K, committed 30208K, reserved 1075200K
  class space    used 3702K, capacity 3827K, committed 3840K, reserved 1048576K
Event: 3.567 GC heap after
Heap after GC invocations=6 (full 1):
 PSYoungGen      total 141312K, used 10751K [0x000000076b300000, 0x000000077a800000, 0x00000007c0000000)
  eden space 130560K, 0% used [0x000000076b300000,0x000000076b300000,0x0000000773280000)
  from space 10752K, 99% used [0x0000000773280000,0x0000000773cffc40,0x0000000773d00000)
  to   space 15360K, 0% used [0x0000000779900000,0x0000000779900000,0x000000077a800000)
 ParOldGen       total 82432K, used 11475K [0x00000006c1800000, 0x00000006c6880000, 0x000000076b300000)
  object space 82432K, 13% used [0x00000006c1800000,0x00000006c2334fe0,0x00000006c6880000)
 Metaspace       used 29499K, capacity 29844K, committed 30208K, reserved 1075200K
  class space    used 3702K, capacity 3827K, committed 3840K, reserved 1048576K
}

Deoptimization events (0 events):
No events

Classes redefined (0 events):
No events

Internal exceptions (10 events):
Event: 4.360 Thread 0x00000000224dc000 Exception <a 'java/lang/ClassNotFoundException': org/springframework/web/servlet/theme/AbstractThemeResolverCustomizer> (0x000000076b841c00) thrown at [C:\re\workspace\8-2-build-windows-amd64-cygwin\jdk8u171\10807\hotspot\src\share\vm\classfile\systemDict
Event: 4.361 Thread 0x00000000224dc000 Exception <a 'java/lang/ClassNotFoundException': org/springframework/web/servlet/theme/FixedThemeResolverCustomizer> (0x000000076b858e18) thrown at [C:\re\workspace\8-2-build-windows-amd64-cygwin\jdk8u171\10807\hotspot\src\share\vm\classfile\systemDiction
Event: 4.362 Thread 0x00000000224dc000 Exception <a 'java/lang/ClassNotFoundException': org/springframework/web/servlet/ThemeResolverCustomizer> (0x000000076b86de08) thrown at [C:\re\workspace\8-2-build-windows-amd64-cygwin\jdk8u171\10807\hotspot\src\share\vm\classfile\systemDictionary.cpp, li
Event: 4.363 Thread 0x00000000224dc000 Exception <a 'java/lang/ClassNotFoundException': java/lang/ObjectCustomizer> (0x000000076b8e2d50) thrown at [C:\re\workspace\8-2-build-windows-amd64-cygwin\jdk8u171\10807\hotspot\src\share\vm\classfile\systemDictionary.cpp, line 210]
Event: 4.364 Thread 0x00000000224dc000 Exception <a 'java/lang/ClassNotFoundException': org/springframework/web/servlet/view/DefaultRequestToViewNameTranslatorCustomizer> (0x000000076b8fce78) thrown at [C:\re\workspace\8-2-build-windows-amd64-cygwin\jdk8u171\10807\hotspot\src\share\vm\classfil
Event: 4.365 Thread 0x00000000224dc000 Exception <a 'java/lang/ClassNotFoundException': org/springframework/web/servlet/RequestToViewNameTranslatorCustomizer> (0x000000076b922e70) thrown at [C:\re\workspace\8-2-build-windows-amd64-cygwin\jdk8u171\10807\hotspot\src\share\vm\classfile\systemDict
Event: 4.367 Thread 0x00000000224dc000 Exception <a 'java/lang/ClassNotFoundException': java/lang/ObjectCustomizer> (0x000000076b94d2f0) thrown at [C:\re\workspace\8-2-build-windows-amd64-cygwin\jdk8u171\10807\hotspot\src\share\vm\classfile\systemDictionary.cpp, line 210]
Event: 4.368 Thread 0x00000000224dc000 Exception <a 'java/lang/ClassNotFoundException': org/springframework/web/servlet/support/AbstractFlashMapManagerCustomizer> (0x000000076b965d70) thrown at [C:\re\workspace\8-2-build-windows-amd64-cygwin\jdk8u171\10807\hotspot\src\share\vm\classfile\system
Event: 4.369 Thread 0x00000000224dc000 Exception <a 'java/lang/ClassNotFoundException': org/springframework/web/servlet/support/SessionFlashMapManagerCustomizer> (0x000000076b982528) thrown at [C:\re\workspace\8-2-build-windows-amd64-cygwin\jdk8u171\10807\hotspot\src\share\vm\classfile\systemD
Event: 4.370 Thread 0x00000000224dc000 Exception <a 'java/lang/ClassNotFoundException': org/springframework/web/servlet/FlashMapManagerCustomizer> (0x000000076b9972d8) thrown at [C:\re\workspace\8-2-build-windows-amd64-cygwin\jdk8u171\10807\hotspot\src\share\vm\classfile\systemDictionary.cpp, 

Events (10 events):
Event: 11.214 Executing VM operation: GetOrSetLocal done
Event: 11.214 Executing VM operation: GetOrSetLocal
Event: 11.214 Executing VM operation: GetOrSetLocal done
Event: 11.812 Thread 0x00000000221c6800 Thread exited: 0x00000000221c6800
Event: 11.812 Thread 0x00000000221ba800 Thread exited: 0x00000000221ba800
Event: 11.843 Executing VM operation: GetOrSetLocal
Event: 11.843 Executing VM operation: GetOrSetLocal done
Event: 11.849 Executing VM operation: GetOrSetLocal
Event: 11.849 Executing VM operation: GetOrSetLocal done
Event: 20.536 Executing VM operation: RedefineClasses


Dynamic libraries:
0x00007ff6c7bd0000 - 0x00007ff6c7c07000 	C:\Program Files\Java\jre1.8.0_171\bin\javaw.exe
0x00007ffe077a0000 - 0x00007ffe07981000 	C:\WINDOWS\SYSTEM32\ntdll.dll
0x00007ffe05330000 - 0x00007ffe053e2000 	C:\WINDOWS\System32\KERNEL32.DLL
0x00007ffe04490000 - 0x00007ffe04703000 	C:\WINDOWS\System32\KERNELBASE.dll
0x00007ffe04d20000 - 0x00007ffe04dc1000 	C:\WINDOWS\System32\ADVAPI32.dll
0x00007ffe04ff0000 - 0x00007ffe0508e000 	C:\WINDOWS\System32\msvcrt.dll
0x00007ffe052d0000 - 0x00007ffe0532b000 	C:\WINDOWS\System32\sechost.dll
0x00007ffe06ee0000 - 0x00007ffe07004000 	C:\WINDOWS\System32\RPCRT4.dll
0x00007ffe05720000 - 0x00007ffe058b0000 	C:\WINDOWS\System32\USER32.dll
0x00007ffe03c70000 - 0x00007ffe03c90000 	C:\WINDOWS\System32\win32u.dll
0x00007ffe04c40000 - 0x00007ffe04c68000 	C:\WINDOWS\System32\GDI32.dll
0x00007ffe04900000 - 0x00007ffe04a92000 	C:\WINDOWS\System32\gdi32full.dll
0x00007ffe043f0000 - 0x00007ffe0448f000 	C:\WINDOWS\System32\msvcp_win.dll
0x00007ffe03b70000 - 0x00007ffe03c6a000 	C:\WINDOWS\System32\ucrtbase.dll
0x00007ffdf1870000 - 0x00007ffdf1ad9000 	C:\WINDOWS\WinSxS\amd64_microsoft.windows.common-controls_6595b64144ccf1df_6.0.17134.48_none_b4b2216a3cb4dd3e\COMCTL32.dll
0x00007ffe053f0000 - 0x00007ffe05713000 	C:\WINDOWS\System32\combase.dll
0x00007ffe04bb0000 - 0x00007ffe04c2a000 	C:\WINDOWS\System32\bcryptPrimitives.dll
0x00007ffe07240000 - 0x00007ffe0726d000 	C:\WINDOWS\System32\IMM32.DLL
0x00000000680d0000 - 0x00000000681a2000 	C:\Program Files\Java\jre1.8.0_171\bin\msvcr100.dll
0x00000000693e0000 - 0x0000000069c80000 	C:\Program Files\Java\jre1.8.0_171\bin\server\jvm.dll
0x00007ffe04d10000 - 0x00007ffe04d18000 	C:\WINDOWS\System32\PSAPI.DLL
0x00007ffdf1df0000 - 0x00007ffdf1df9000 	C:\WINDOWS\SYSTEM32\WSOCK32.dll
0x00007ffe006c0000 - 0x00007ffe006e3000 	C:\WINDOWS\SYSTEM32\WINMM.dll
0x00007ffe00730000 - 0x00007ffe0073a000 	C:\WINDOWS\SYSTEM32\VERSION.dll
0x00007ffe05a30000 - 0x00007ffe05a9c000 	C:\WINDOWS\System32\WS2_32.dll
0x00007ffdfd1a0000 - 0x00007ffdfd1ca000 	C:\WINDOWS\SYSTEM32\winmmbase.dll
0x00007ffe043a0000 - 0x00007ffe043e9000 	C:\WINDOWS\System32\cfgmgr32.dll
0x00000000693d0000 - 0x00000000693df000 	C:\Program Files\Java\jre1.8.0_171\bin\verify.dll
0x00000000693a0000 - 0x00000000693c9000 	C:\Program Files\Java\jre1.8.0_171\bin\java.dll
0x0000000068400000 - 0x0000000068435000 	C:\Program Files\Java\jre1.8.0_171\bin\jdwp.dll
0x00000000683f0000 - 0x00000000683f8000 	C:\Program Files\Java\jre1.8.0_171\bin\npt.dll
0x0000000069380000 - 0x0000000069396000 	C:\Program Files\Java\jre1.8.0_171\bin\zip.dll
0x00007ffe05aa0000 - 0x00007ffe06ee0000 	C:\WINDOWS\System32\SHELL32.dll
0x00007ffe076c0000 - 0x00007ffe07769000 	C:\WINDOWS\System32\shcore.dll
0x00007ffe03c90000 - 0x00007ffe0439d000 	C:\WINDOWS\System32\windows.storage.dll
0x00007ffe04f90000 - 0x00007ffe04fe1000 	C:\WINDOWS\System32\shlwapi.dll
0x00007ffe03b30000 - 0x00007ffe03b41000 	C:\WINDOWS\System32\kernel.appcore.dll
0x00007ffe03ac0000 - 0x00007ffe03adf000 	C:\WINDOWS\System32\profapi.dll
0x00007ffe03ae0000 - 0x00007ffe03b2c000 	C:\WINDOWS\System32\powrprof.dll
0x00007ffe03ab0000 - 0x00007ffe03aba000 	C:\WINDOWS\System32\FLTLIB.DLL
0x00000000683e0000 - 0x00000000683e9000 	C:\Program Files\Java\jre1.8.0_171\bin\dt_socket.dll
0x00007ffdd9530000 - 0x00007ffdd9546000 	C:\WINDOWS\system32\napinsp.dll
0x00007ffddb5d0000 - 0x00007ffddb5ea000 	C:\WINDOWS\system32\pnrpnsp.dll
0x00007ffdf8950000 - 0x00007ffdf8969000 	C:\WINDOWS\system32\NLAapi.dll
0x00007ffe03330000 - 0x00007ffe03396000 	C:\WINDOWS\System32\mswsock.dll
0x00007ffe030f0000 - 0x00007ffe031ae000 	C:\WINDOWS\SYSTEM32\DNSAPI.dll
0x00007ffe04c30000 - 0x00007ffe04c38000 	C:\WINDOWS\System32\NSI.dll
0x00007ffe030b0000 - 0x00007ffe030e8000 	C:\WINDOWS\SYSTEM32\IPHLPAPI.DLL
0x00007ffde8dc0000 - 0x00007ffde8dce000 	C:\WINDOWS\System32\winrnr.dll
0x00007ffdf76d0000 - 0x00007ffdf76e5000 	C:\WINDOWS\System32\wshbth.dll
0x00007ffdf60c0000 - 0x00007ffdf6132000 	C:\WINDOWS\System32\fwpuclnt.dll
0x00007ffe03610000 - 0x00007ffe03635000 	C:\WINDOWS\SYSTEM32\bcrypt.dll
0x00007ffdf6660000 - 0x00007ffdf666a000 	C:\Windows\System32\rasadhlp.dll
0x0000000069080000 - 0x000000006908d000 	C:\Program Files\Java\jre1.8.0_171\bin\management.dll
0x0000000069360000 - 0x000000006937a000 	C:\Program Files\Java\jre1.8.0_171\bin\net.dll
0x0000000069340000 - 0x0000000069351000 	C:\Program Files\Java\jre1.8.0_171\bin\nio.dll
0x00007ffe034e0000 - 0x00007ffe034f7000 	C:\WINDOWS\SYSTEM32\CRYPTSP.dll
0x00007ffe02f10000 - 0x00007ffe02f43000 	C:\WINDOWS\system32\rsaenh.dll
0x00007ffe039e0000 - 0x00007ffe03a08000 	C:\WINDOWS\SYSTEM32\USERENV.dll
0x00007ffe03500000 - 0x00007ffe0350b000 	C:\WINDOWS\SYSTEM32\CRYPTBASE.dll
0x00007ffdfa760000 - 0x00007ffdfa776000 	C:\WINDOWS\SYSTEM32\dhcpcsvc6.DLL
0x00007ffdf8cb0000 - 0x00007ffdf8cca000 	C:\WINDOWS\SYSTEM32\dhcpcsvc.DLL
0x00007ffdfcc60000 - 0x00007ffdfce29000 	C:\WINDOWS\SYSTEM32\dbghelp.dll

VM Arguments:
jvm_args: -agentlib:jdwp=transport=dt_socket,suspend=y,address=localhost:62755 -Dcom.sun.management.jmxremote -Dcom.sun.management.jmxremote.port=62754 -Dcom.sun.management.jmxremote.authenticate=false -Dcom.sun.management.jmxremote.ssl=false -Djava.rmi.server.hostname=localhost -Dspring.liveBeansView.mbeanDomain -Dspring.application.admin.enabled=true -Xverify:none -XX:TieredStopAtLevel=1 -Dfile.encoding=Cp1252 
java_command: com.worldcup.application.WorldCupApplication
java_class_path (initial): C:\Program Files\Java\jre1.8.0_171\lib\resources.jar;C:\Program Files\Java\jre1.8.0_171\lib\rt.jar;C:\Program Files\Java\jre1.8.0_171\lib\jsse.jar;C:\Program Files\Java\jre1.8.0_171\lib\jce.jar;C:\Program Files\Java\jre1.8.0_171\lib\charsets.jar;C:\Program Files\Java\jre1.8.0_171\lib\jfr.jar;C:\Program Files\Java\jre1.8.0_171\lib\ext\access-bridge-64.jar;C:\Program Files\Java\jre1.8.0_171\lib\ext\cldrdata.jar;C:\Program Files\Java\jre1.8.0_171\lib\ext\dnsns.jar;C:\Program Files\Java\jre1.8.0_171\lib\ext\jaccess.jar;C:\Program Files\Java\jre1.8.0_171\lib\ext\jfxrt.jar;C:\Program Files\Java\jre1.8.0_171\lib\ext\localedata.jar;C:\Program Files\Java\jre1.8.0_171\lib\ext\nashorn.jar;C:\Program Files\Java\jre1.8.0_171\lib\ext\sunec.jar;C:\Program Files\Java\jre1.8.0_171\lib\ext\sunjce_provider.jar;C:\Program Files\Java\jre1.8.0_171\lib\ext\sunmscapi.jar;C:\Program Files\Java\jre1.8.0_171\lib\ext\sunpkcs11.jar;C:\Program Files\Java\jre1.8.0_171\lib\ext\zipfs.jar;D:\Documents\World Cup Project\World_Cup\bin;C:\Users\David\.gradle\caches\modules-2\files-2.1\org.springframework.boot\spring-boot-starter-thymeleaf\1.5.9.RELEASE\f1a07e590d7742b7c57367ba23a3c0eecb491d48\spring-boot-starter-thymeleaf-1.5.9.RELEASE.jar;C:\Users\David\.gradle\caches\modules-2\files-2.1\org.springframework.boot\spring-boot-starter\1.5.9.RELEASE\6bfb34db2715ee86c6e2337fa145650588b4b1b3\spring-boot-starter-1.5.9.RELEASE.jar;C:\Users\David\.gradle\caches\modules-2\files-2.1\org.springframework.boot\spring-boot-starter-web\1.5.9.RELEASE\bda9733d5e6ba6d1a97deead1738713dc0631b3e\spring-boot-starter-web-1.5.9.RELEASE.jar;C:\Users\David\.gradle\caches\modules-2\files-2.1\org.thymeleaf\thymeleaf-spring4\2.1.6.RELEASE\a18784dab5e9337a53ce3213b205f927217849f2\thymeleaf-spring4-2.1.6.RELEASE.jar;C:\Users\David\.gradle\caches\modules-2\files-2.1\nz.net.ultraq.thymeleaf\thymeleaf-layout-dialect\1.4.0\8d7810c069ed1534b9631fb1e85c35973546086\thymeleaf-layout-dialect-1.4.0.jar;C:\Users\Da
Launcher Type: SUN_STANDARD

Environment Variables:
JAVA_HOME=C:\Program Files\Java\jdk1.8.0_65
PATH=C:/Program Files/Java/jre1.8.0_171/bin/server;C:/Program Files/Java/jre1.8.0_171/bin;C:/Program Files/Java/jre1.8.0_171/lib/amd64;C:\Program Files (x86)\Python36-32\Scripts\;C:\Program Files (x86)\Python36-32\;C:\Program Files (x86)\Common Files\Oracle\Java\javapath;C:\Perl64\site\bin;C:\Perl64\bin;C:\ProgramData\Oracle\Java\javapath;C:\Windows\system32;C:\Windows;C:\Windows\System32\Wbem;C:\Windows\System32\WindowsPowerShell\v1.0\;C:\WINDOWS\system32;C:\WINDOWS;C:\WINDOWS\System32\Wbem;C:\WINDOWS\System32\WindowsPowerShell\v1.0\;C:\Program Files (x86)\QuickTime\QTSystem\;C:\Program Files\Java\jdk1.8.0_65\bin;C:\ffmpeg-20160105-git-fc703f5-win64-static2\bin;C:\Program Files\Microsoft SQL Server\Client SDK\ODBC\130\Tools\Binn\;C:\Program Files (x86)\Microsoft SQL Server\130\Tools\Binn\;C:\Program Files\Microsoft SQL Server\130\Tools\Binn\;C:\Program Files\Microsoft SQL Server\130\DTS\Binn\;C:\apache-ant-1.9.7\bin;C:\Program Files (x86)\Microsoft SQL Server\130\Tools\Binn\ManagementStudio\;C:\Program Files (x86)\GTK2-Runtime\bin;C:\Program Files (x86)\PuTTY\;C:\Program Files (x86)\Smart Projects\DVDVob2Mpg;C:\Program Files (x86)\Windows Kits\8.1\Windows Performance Toolkit\;C:\Program Files (x86)\NVIDIA Corporation\PhysX\Common;C:\Program Files\Blender Foundation\Blender;C:\Program Files (x86)\get_iplayer;C:\Program Files\PostgreSQL\10\bin;;C:\WINDOWS\system32;C:\WINDOWS;C:\WINDOWS\System32\Wbem;C:\WINDOWS\System32\WindowsPowerShell\v1.0\;C:\WINDOWS\System32\OpenSSH\;C:\Program Files (x86)\Skype\Phone\;C:\Users\David\AppData\Local\Programs\Python\Python36\Scripts\;C:\Users\David\AppData\Local\Programs\Python\Python36\;C:\Users\David\AppData\Local\Programs\Python\Python36-32\Scripts\;C:\Users\David\AppData\Local\Programs\Python\Python36-32\;C:\Users\David\AppData\Local\Programs\MiKTeX 2.9\miktex\bin\;C:\Users\David\AppData\Local\Microsoft\WindowsApps;C:\Users\David\AppData\Local\atom\bin;C:\Program Files\heroku\bin;;C:\WINDOWS\system32;
USERNAME=David
OS=Windows_NT
PROCESSOR_IDENTIFIER=Intel64 Family 6 Model 63 Stepping 2, GenuineIntel



---------------  S Y S T E M  ---------------

OS: Windows 10.0 , 64 bit Build 17134 (10.0.17134.1)

CPU:total 12 (initial active 12) (6 cores per cpu, 2 threads per core) family 6 model 63 stepping 2, cmov, cx8, fxsr, mmx, sse, sse2, sse3, ssse3, sse4.1, sse4.2, popcnt, avx, avx2, aes, clmul, erms, lzcnt, ht, tsc, tscinvbit, bmi1, bmi2

Memory: 4k page, physical 16676632k(9161208k free), swap 33453848k(24307288k free)

vm_info: Java HotSpot(TM) 64-Bit Server VM (25.171-b11) for windows-amd64 JRE (1.8.0_171-b11), built on Mar 28 2018 16:06:12 by "java_re" with MS VC++ 10.0 (VS2010)

time: Sun May 27 14:36:01 2018
elapsed time: 20 seconds (0d 0h 0m 20s)

